
c:\MCU\py32mini\miniProjects\F030_Blink\EIDE\Project\Blink.elf:     file format elf32-littlearm


Disassembly of section .text:

080000c0 <deregister_tm_clones>:
 80000c0:	4804      	ldr	r0, [pc, #16]	@ (80000d4 <deregister_tm_clones+0x14>)
 80000c2:	4b05      	ldr	r3, [pc, #20]	@ (80000d8 <deregister_tm_clones+0x18>)
 80000c4:	b510      	push	{r4, lr}
 80000c6:	4283      	cmp	r3, r0
 80000c8:	d003      	beq.n	80000d2 <deregister_tm_clones+0x12>
 80000ca:	4b04      	ldr	r3, [pc, #16]	@ (80000dc <deregister_tm_clones+0x1c>)
 80000cc:	2b00      	cmp	r3, #0
 80000ce:	d000      	beq.n	80000d2 <deregister_tm_clones+0x12>
 80000d0:	4798      	blx	r3
 80000d2:	bd10      	pop	{r4, pc}
 80000d4:	200000c0 	.word	0x200000c0
 80000d8:	200000c0 	.word	0x200000c0
 80000dc:	00000000 	.word	0x00000000

080000e0 <register_tm_clones>:
 80000e0:	4806      	ldr	r0, [pc, #24]	@ (80000fc <register_tm_clones+0x1c>)
 80000e2:	4907      	ldr	r1, [pc, #28]	@ (8000100 <register_tm_clones+0x20>)
 80000e4:	1a09      	subs	r1, r1, r0
 80000e6:	108b      	asrs	r3, r1, #2
 80000e8:	0fc9      	lsrs	r1, r1, #31
 80000ea:	18c9      	adds	r1, r1, r3
 80000ec:	b510      	push	{r4, lr}
 80000ee:	1049      	asrs	r1, r1, #1
 80000f0:	d003      	beq.n	80000fa <register_tm_clones+0x1a>
 80000f2:	4b04      	ldr	r3, [pc, #16]	@ (8000104 <register_tm_clones+0x24>)
 80000f4:	2b00      	cmp	r3, #0
 80000f6:	d000      	beq.n	80000fa <register_tm_clones+0x1a>
 80000f8:	4798      	blx	r3
 80000fa:	bd10      	pop	{r4, pc}
 80000fc:	200000c0 	.word	0x200000c0
 8000100:	200000c0 	.word	0x200000c0
 8000104:	00000000 	.word	0x00000000

08000108 <__do_global_dtors_aux>:
 8000108:	b510      	push	{r4, lr}
 800010a:	4c07      	ldr	r4, [pc, #28]	@ (8000128 <__do_global_dtors_aux+0x20>)
 800010c:	7823      	ldrb	r3, [r4, #0]
 800010e:	2b00      	cmp	r3, #0
 8000110:	d109      	bne.n	8000126 <__do_global_dtors_aux+0x1e>
 8000112:	f7ff ffd5 	bl	80000c0 <deregister_tm_clones>
 8000116:	4b05      	ldr	r3, [pc, #20]	@ (800012c <__do_global_dtors_aux+0x24>)
 8000118:	2b00      	cmp	r3, #0
 800011a:	d002      	beq.n	8000122 <__do_global_dtors_aux+0x1a>
 800011c:	4804      	ldr	r0, [pc, #16]	@ (8000130 <__do_global_dtors_aux+0x28>)
 800011e:	e000      	b.n	8000122 <__do_global_dtors_aux+0x1a>
 8000120:	bf00      	nop
 8000122:	2301      	movs	r3, #1
 8000124:	7023      	strb	r3, [r4, #0]
 8000126:	bd10      	pop	{r4, pc}
 8000128:	200000c0 	.word	0x200000c0
 800012c:	00000000 	.word	0x00000000
 8000130:	080002e8 	.word	0x080002e8

08000134 <frame_dummy>:
 8000134:	4b05      	ldr	r3, [pc, #20]	@ (800014c <frame_dummy+0x18>)
 8000136:	b510      	push	{r4, lr}
 8000138:	2b00      	cmp	r3, #0
 800013a:	d003      	beq.n	8000144 <frame_dummy+0x10>
 800013c:	4904      	ldr	r1, [pc, #16]	@ (8000150 <frame_dummy+0x1c>)
 800013e:	4805      	ldr	r0, [pc, #20]	@ (8000154 <frame_dummy+0x20>)
 8000140:	e000      	b.n	8000144 <frame_dummy+0x10>
 8000142:	bf00      	nop
 8000144:	f7ff ffcc 	bl	80000e0 <register_tm_clones>
 8000148:	bd10      	pop	{r4, pc}
 800014a:	46c0      	nop			@ (mov r8, r8)
 800014c:	00000000 	.word	0x00000000
 8000150:	200000c4 	.word	0x200000c4
 8000154:	080002e8 	.word	0x080002e8

08000158 <main>:
/* Private user code ---------------------------------------------------------*/
/* Private macro -------------------------------------------------------------*/
/* Private function prototypes -----------------------------------------------*/

int main(void)
{
 8000158:	b580      	push	{r7, lr}
 800015a:	af00      	add	r7, sp, #0
  /* Reset of all peripherals, Initializes the Systick. */
  
  /* System clock configuration */
  
  /* infinite loop */
  while (1)
 800015c:	46c0      	nop			@ (mov r8, r8)
 800015e:	e7fd      	b.n	800015c <main+0x4>

08000160 <NMI_Handler>:
/******************************************************************************/
/**
  * @brief This function handles Non maskable interrupt.
  */
void NMI_Handler(void)
{
 8000160:	b580      	push	{r7, lr}
 8000162:	af00      	add	r7, sp, #0
}
 8000164:	46c0      	nop			@ (mov r8, r8)
 8000166:	46bd      	mov	sp, r7
 8000168:	bd80      	pop	{r7, pc}

0800016a <HardFault_Handler>:

/**
  * @brief This function handles Hard fault interrupt.
  */
void HardFault_Handler(void)
{
 800016a:	b580      	push	{r7, lr}
 800016c:	af00      	add	r7, sp, #0
  while (1)
 800016e:	46c0      	nop			@ (mov r8, r8)
 8000170:	e7fd      	b.n	800016e <HardFault_Handler+0x4>

08000172 <SVC_Handler>:

/**
  * @brief This function handles System service call via SWI instruction.
  */
void SVC_Handler(void)
{
 8000172:	b580      	push	{r7, lr}
 8000174:	af00      	add	r7, sp, #0
}
 8000176:	46c0      	nop			@ (mov r8, r8)
 8000178:	46bd      	mov	sp, r7
 800017a:	bd80      	pop	{r7, pc}

0800017c <PendSV_Handler>:

/**
  * @brief This function handles Pendable request for system service.
  */
void PendSV_Handler(void)
{
 800017c:	b580      	push	{r7, lr}
 800017e:	af00      	add	r7, sp, #0
}
 8000180:	46c0      	nop			@ (mov r8, r8)
 8000182:	46bd      	mov	sp, r7
 8000184:	bd80      	pop	{r7, pc}

08000186 <SysTick_Handler>:

/**
  * @brief This function handles System tick timer.
  */
void SysTick_Handler(void)
{
 8000186:	b580      	push	{r7, lr}
 8000188:	af00      	add	r7, sp, #0
}
 800018a:	46c0      	nop			@ (mov r8, r8)
 800018c:	46bd      	mov	sp, r7
 800018e:	bd80      	pop	{r7, pc}

08000190 <Reset_Handler>:

  .section .text.Reset_Handler
  .weak Reset_Handler
  .type Reset_Handler, %function
Reset_Handler:
  ldr   r0, =_estack
 8000190:	480d      	ldr	r0, [pc, #52]	@ (80001c8 <LoopForever+0x2>)
  mov   sp, r0          /* set stack pointer */
 8000192:	4685      	mov	sp, r0

/* Call the clock system initialization function.*/
  bl  SystemInit
 8000194:	f000 f826 	bl	80001e4 <SystemInit>

/* Copy the data segment initializers from flash to SRAM */
  ldr r0, =_sdata
 8000198:	480c      	ldr	r0, [pc, #48]	@ (80001cc <LoopForever+0x6>)
  ldr r1, =_edata
 800019a:	490d      	ldr	r1, [pc, #52]	@ (80001d0 <LoopForever+0xa>)
  ldr r2, =_sidata
 800019c:	4a0d      	ldr	r2, [pc, #52]	@ (80001d4 <LoopForever+0xe>)
  movs r3, #0
 800019e:	2300      	movs	r3, #0
  b LoopCopyDataInit
 80001a0:	e002      	b.n	80001a8 <LoopCopyDataInit>

080001a2 <CopyDataInit>:

CopyDataInit:
  ldr r4, [r2, r3]
 80001a2:	58d4      	ldr	r4, [r2, r3]
  str r4, [r0, r3]
 80001a4:	50c4      	str	r4, [r0, r3]
  adds r3, r3, #4
 80001a6:	3304      	adds	r3, #4

080001a8 <LoopCopyDataInit>:

LoopCopyDataInit:
  adds r4, r0, r3
 80001a8:	18c4      	adds	r4, r0, r3
  cmp r4, r1
 80001aa:	428c      	cmp	r4, r1
  bcc CopyDataInit
 80001ac:	d3f9      	bcc.n	80001a2 <CopyDataInit>

/* Zero fill the bss segment. */
  ldr r2, =_sbss
 80001ae:	4a0a      	ldr	r2, [pc, #40]	@ (80001d8 <LoopForever+0x12>)
  ldr r4, =_ebss
 80001b0:	4c0a      	ldr	r4, [pc, #40]	@ (80001dc <LoopForever+0x16>)
  movs r3, #0
 80001b2:	2300      	movs	r3, #0
  b LoopFillZerobss
 80001b4:	e001      	b.n	80001ba <LoopFillZerobss>

080001b6 <FillZerobss>:

FillZerobss:
  str  r3, [r2]
 80001b6:	6013      	str	r3, [r2, #0]
  adds r2, r2, #4
 80001b8:	3204      	adds	r2, #4

080001ba <LoopFillZerobss>:

LoopFillZerobss:
  cmp r2, r4
 80001ba:	42a2      	cmp	r2, r4
  bcc FillZerobss
 80001bc:	d3fb      	bcc.n	80001b6 <FillZerobss>

/* Call static constructors */
  bl __libc_init_array
 80001be:	f000 f86f 	bl	80002a0 <__libc_init_array>
/* Call the application s entry point.*/
  bl entry
 80001c2:	f000 f83f 	bl	8000244 <entry>

080001c6 <LoopForever>:

LoopForever:
  b LoopForever
 80001c6:	e7fe      	b.n	80001c6 <LoopForever>
  ldr   r0, =_estack
 80001c8:	20001000 	.word	0x20001000
  ldr r0, =_sdata
 80001cc:	200000c0 	.word	0x200000c0
  ldr r1, =_edata
 80001d0:	200000c0 	.word	0x200000c0
  ldr r2, =_sidata
 80001d4:	080003c8 	.word	0x080003c8
  ldr r2, =_sbss
 80001d8:	200000c0 	.word	0x200000c0
  ldr r4, =_ebss
 80001dc:	200000dc 	.word	0x200000dc

080001e0 <ADC_COMP_IRQHandler>:
 * @retval None
*/
  .section .text.Default_Handler,"ax",%progbits
Default_Handler:
Infinite_Loop:
  b Infinite_Loop
 80001e0:	e7fe      	b.n	80001e0 <ADC_COMP_IRQHandler>
	...

080001e4 <SystemInit>:
 *         Initialize the System.
 * @param  none
 * @return none
 */
void SystemInit(void)
{
 80001e4:	b580      	push	{r7, lr}
 80001e6:	af00      	add	r7, sp, #0
  /* Set the HSI clock to 8MHz by default */
  RCC->ICSCR = (RCC->ICSCR & 0xFFFF0000) | (0x1 << 13) | ((*(uint32_t *)(0x1FFF0F04)) & 0x1FFF);
 80001e8:	4b10      	ldr	r3, [pc, #64]	@ (800022c <SystemInit+0x48>)
 80001ea:	685b      	ldr	r3, [r3, #4]
 80001ec:	0c1b      	lsrs	r3, r3, #16
 80001ee:	041a      	lsls	r2, r3, #16
 80001f0:	4b0f      	ldr	r3, [pc, #60]	@ (8000230 <SystemInit+0x4c>)
 80001f2:	681b      	ldr	r3, [r3, #0]
 80001f4:	04db      	lsls	r3, r3, #19
 80001f6:	0cdb      	lsrs	r3, r3, #19
 80001f8:	431a      	orrs	r2, r3
 80001fa:	4b0c      	ldr	r3, [pc, #48]	@ (800022c <SystemInit+0x48>)
 80001fc:	2180      	movs	r1, #128	@ 0x80
 80001fe:	0189      	lsls	r1, r1, #6
 8000200:	430a      	orrs	r2, r1
 8000202:	605a      	str	r2, [r3, #4]

  /* Set the LSI clock to 32.768KHz by default */
  RCC->ICSCR = (RCC->ICSCR & 0xFE00FFFF) | (((*(uint32_t *)(0x1FFF0FA4)) & 0x1FF) << RCC_ICSCR_LSI_TRIM_Pos);
 8000204:	4b09      	ldr	r3, [pc, #36]	@ (800022c <SystemInit+0x48>)
 8000206:	685b      	ldr	r3, [r3, #4]
 8000208:	4a0a      	ldr	r2, [pc, #40]	@ (8000234 <SystemInit+0x50>)
 800020a:	4013      	ands	r3, r2
 800020c:	0019      	movs	r1, r3
 800020e:	4b0a      	ldr	r3, [pc, #40]	@ (8000238 <SystemInit+0x54>)
 8000210:	681b      	ldr	r3, [r3, #0]
 8000212:	041b      	lsls	r3, r3, #16
 8000214:	4a09      	ldr	r2, [pc, #36]	@ (800023c <SystemInit+0x58>)
 8000216:	401a      	ands	r2, r3
 8000218:	4b04      	ldr	r3, [pc, #16]	@ (800022c <SystemInit+0x48>)
 800021a:	430a      	orrs	r2, r1
 800021c:	605a      	str	r2, [r3, #4]

  /* Configure the Vector Table location add offset address ------------------*/
#ifdef VECT_TAB_SRAM
  SCB->VTOR = SRAM_BASE | VECT_TAB_OFFSET; /* Vector Table Relocation in Internal SRAM */
#else
  SCB->VTOR = FLASH_BASE | VECT_TAB_OFFSET; /* Vector Table Relocation in Internal FLASH */
 800021e:	4b08      	ldr	r3, [pc, #32]	@ (8000240 <SystemInit+0x5c>)
 8000220:	2280      	movs	r2, #128	@ 0x80
 8000222:	0512      	lsls	r2, r2, #20
 8000224:	609a      	str	r2, [r3, #8]
#endif /* VECT_TAB_SRAM */
}
 8000226:	46c0      	nop			@ (mov r8, r8)
 8000228:	46bd      	mov	sp, r7
 800022a:	bd80      	pop	{r7, pc}
 800022c:	40021000 	.word	0x40021000
 8000230:	1fff0f04 	.word	0x1fff0f04
 8000234:	fe00ffff 	.word	0xfe00ffff
 8000238:	1fff0fa4 	.word	0x1fff0fa4
 800023c:	01ff0000 	.word	0x01ff0000
 8000240:	e000ed00 	.word	0xe000ed00

08000244 <entry>:
#elif defined(__GNUC__)
extern int32_t main(void);
extern int entry(void);
uint32_t VECT_SRAM_TAB[48]__attribute__((section(".vectable_sram")));
int entry(void)
{
 8000244:	b580      	push	{r7, lr}
 8000246:	b082      	sub	sp, #8
 8000248:	af00      	add	r7, sp, #0
  uint8_t i;
  uint32_t *pFmcVect = (uint32_t *)(FLASH_BASE | VECT_TAB_OFFSET);
 800024a:	2380      	movs	r3, #128	@ 0x80
 800024c:	051b      	lsls	r3, r3, #20
 800024e:	603b      	str	r3, [r7, #0]
  for (i = 0; i < 48; i++)
 8000250:	1dfb      	adds	r3, r7, #7
 8000252:	2200      	movs	r2, #0
 8000254:	701a      	strb	r2, [r3, #0]
 8000256:	e00f      	b.n	8000278 <entry+0x34>
  {
    VECT_SRAM_TAB[i] = pFmcVect[i];
 8000258:	1dfb      	adds	r3, r7, #7
 800025a:	781b      	ldrb	r3, [r3, #0]
 800025c:	009b      	lsls	r3, r3, #2
 800025e:	683a      	ldr	r2, [r7, #0]
 8000260:	18d3      	adds	r3, r2, r3
 8000262:	1dfa      	adds	r2, r7, #7
 8000264:	7812      	ldrb	r2, [r2, #0]
 8000266:	6819      	ldr	r1, [r3, #0]
 8000268:	4b0b      	ldr	r3, [pc, #44]	@ (8000298 <entry+0x54>)
 800026a:	0092      	lsls	r2, r2, #2
 800026c:	50d1      	str	r1, [r2, r3]
  for (i = 0; i < 48; i++)
 800026e:	1dfb      	adds	r3, r7, #7
 8000270:	781a      	ldrb	r2, [r3, #0]
 8000272:	1dfb      	adds	r3, r7, #7
 8000274:	3201      	adds	r2, #1
 8000276:	701a      	strb	r2, [r3, #0]
 8000278:	1dfb      	adds	r3, r7, #7
 800027a:	781b      	ldrb	r3, [r3, #0]
 800027c:	2b2f      	cmp	r3, #47	@ 0x2f
 800027e:	d9eb      	bls.n	8000258 <entry+0x14>
  }

  SCB->VTOR = SRAM_BASE;
 8000280:	4b06      	ldr	r3, [pc, #24]	@ (800029c <entry+0x58>)
 8000282:	2280      	movs	r2, #128	@ 0x80
 8000284:	0592      	lsls	r2, r2, #22
 8000286:	609a      	str	r2, [r3, #8]
	
  main();
 8000288:	f7ff ff66 	bl	8000158 <main>
  return 0;
 800028c:	2300      	movs	r3, #0
}
 800028e:	0018      	movs	r0, r3
 8000290:	46bd      	mov	sp, r7
 8000292:	b002      	add	sp, #8
 8000294:	bd80      	pop	{r7, pc}
 8000296:	46c0      	nop			@ (mov r8, r8)
 8000298:	20000000 	.word	0x20000000
 800029c:	e000ed00 	.word	0xe000ed00

080002a0 <__libc_init_array>:
 80002a0:	b570      	push	{r4, r5, r6, lr}
 80002a2:	2600      	movs	r6, #0
 80002a4:	4c0c      	ldr	r4, [pc, #48]	@ (80002d8 <__libc_init_array+0x38>)
 80002a6:	4d0d      	ldr	r5, [pc, #52]	@ (80002dc <__libc_init_array+0x3c>)
 80002a8:	1b64      	subs	r4, r4, r5
 80002aa:	10a4      	asrs	r4, r4, #2
 80002ac:	42a6      	cmp	r6, r4
 80002ae:	d109      	bne.n	80002c4 <__libc_init_array+0x24>
 80002b0:	2600      	movs	r6, #0
 80002b2:	f000 f819 	bl	80002e8 <_init>
 80002b6:	4c0a      	ldr	r4, [pc, #40]	@ (80002e0 <__libc_init_array+0x40>)
 80002b8:	4d0a      	ldr	r5, [pc, #40]	@ (80002e4 <__libc_init_array+0x44>)
 80002ba:	1b64      	subs	r4, r4, r5
 80002bc:	10a4      	asrs	r4, r4, #2
 80002be:	42a6      	cmp	r6, r4
 80002c0:	d105      	bne.n	80002ce <__libc_init_array+0x2e>
 80002c2:	bd70      	pop	{r4, r5, r6, pc}
 80002c4:	00b3      	lsls	r3, r6, #2
 80002c6:	58eb      	ldr	r3, [r5, r3]
 80002c8:	4798      	blx	r3
 80002ca:	3601      	adds	r6, #1
 80002cc:	e7ee      	b.n	80002ac <__libc_init_array+0xc>
 80002ce:	00b3      	lsls	r3, r6, #2
 80002d0:	58eb      	ldr	r3, [r5, r3]
 80002d2:	4798      	blx	r3
 80002d4:	3601      	adds	r6, #1
 80002d6:	e7f2      	b.n	80002be <__libc_init_array+0x1e>
 80002d8:	08000300 	.word	0x08000300
 80002dc:	08000300 	.word	0x08000300
 80002e0:	08000304 	.word	0x08000304
 80002e4:	08000300 	.word	0x08000300

080002e8 <_init>:
 80002e8:	b5f8      	push	{r3, r4, r5, r6, r7, lr}
 80002ea:	46c0      	nop			@ (mov r8, r8)
 80002ec:	bcf8      	pop	{r3, r4, r5, r6, r7}
 80002ee:	bc08      	pop	{r3}
 80002f0:	469e      	mov	lr, r3
 80002f2:	4770      	bx	lr

080002f4 <_fini>:
 80002f4:	b5f8      	push	{r3, r4, r5, r6, r7, lr}
 80002f6:	46c0      	nop			@ (mov r8, r8)
 80002f8:	bcf8      	pop	{r3, r4, r5, r6, r7}
 80002fa:	bc08      	pop	{r3}
 80002fc:	469e      	mov	lr, r3
 80002fe:	4770      	bx	lr
