
c:\MCU\py32mini\miniProjects\F002B_Blink\EIDE\Debug\Blink.elf:     file format elf32-littlearm


Disassembly of section .text:

080000c0 <deregister_tm_clones>:
 80000c0:	4804      	ldr	r0, [pc, #16]	@ (80000d4 <deregister_tm_clones+0x14>)
 80000c2:	4b05      	ldr	r3, [pc, #20]	@ (80000d8 <deregister_tm_clones+0x18>)
 80000c4:	b510      	push	{r4, lr}
 80000c6:	4283      	cmp	r3, r0
 80000c8:	d003      	beq.n	80000d2 <deregister_tm_clones+0x12>
 80000ca:	4b04      	ldr	r3, [pc, #16]	@ (80000dc <deregister_tm_clones+0x1c>)
 80000cc:	2b00      	cmp	r3, #0
 80000ce:	d000      	beq.n	80000d2 <deregister_tm_clones+0x12>
 80000d0:	4798      	blx	r3
 80000d2:	bd10      	pop	{r4, pc}
 80000d4:	20000000 	.word	0x20000000
 80000d8:	20000000 	.word	0x20000000
 80000dc:	00000000 	.word	0x00000000

080000e0 <register_tm_clones>:
 80000e0:	4806      	ldr	r0, [pc, #24]	@ (80000fc <register_tm_clones+0x1c>)
 80000e2:	4907      	ldr	r1, [pc, #28]	@ (8000100 <register_tm_clones+0x20>)
 80000e4:	1a09      	subs	r1, r1, r0
 80000e6:	108b      	asrs	r3, r1, #2
 80000e8:	0fc9      	lsrs	r1, r1, #31
 80000ea:	18c9      	adds	r1, r1, r3
 80000ec:	b510      	push	{r4, lr}
 80000ee:	1049      	asrs	r1, r1, #1
 80000f0:	d003      	beq.n	80000fa <register_tm_clones+0x1a>
 80000f2:	4b04      	ldr	r3, [pc, #16]	@ (8000104 <register_tm_clones+0x24>)
 80000f4:	2b00      	cmp	r3, #0
 80000f6:	d000      	beq.n	80000fa <register_tm_clones+0x1a>
 80000f8:	4798      	blx	r3
 80000fa:	bd10      	pop	{r4, pc}
 80000fc:	20000000 	.word	0x20000000
 8000100:	20000000 	.word	0x20000000
 8000104:	00000000 	.word	0x00000000

08000108 <__do_global_dtors_aux>:
 8000108:	b510      	push	{r4, lr}
 800010a:	4c07      	ldr	r4, [pc, #28]	@ (8000128 <__do_global_dtors_aux+0x20>)
 800010c:	7823      	ldrb	r3, [r4, #0]
 800010e:	2b00      	cmp	r3, #0
 8000110:	d109      	bne.n	8000126 <__do_global_dtors_aux+0x1e>
 8000112:	f7ff ffd5 	bl	80000c0 <deregister_tm_clones>
 8000116:	4b05      	ldr	r3, [pc, #20]	@ (800012c <__do_global_dtors_aux+0x24>)
 8000118:	2b00      	cmp	r3, #0
 800011a:	d002      	beq.n	8000122 <__do_global_dtors_aux+0x1a>
 800011c:	4804      	ldr	r0, [pc, #16]	@ (8000130 <__do_global_dtors_aux+0x28>)
 800011e:	e000      	b.n	8000122 <__do_global_dtors_aux+0x1a>
 8000120:	bf00      	nop
 8000122:	2301      	movs	r3, #1
 8000124:	7023      	strb	r3, [r4, #0]
 8000126:	bd10      	pop	{r4, pc}
 8000128:	20000000 	.word	0x20000000
 800012c:	00000000 	.word	0x00000000
 8000130:	080002b8 	.word	0x080002b8

08000134 <frame_dummy>:
 8000134:	4b05      	ldr	r3, [pc, #20]	@ (800014c <frame_dummy+0x18>)
 8000136:	b510      	push	{r4, lr}
 8000138:	2b00      	cmp	r3, #0
 800013a:	d003      	beq.n	8000144 <frame_dummy+0x10>
 800013c:	4904      	ldr	r1, [pc, #16]	@ (8000150 <frame_dummy+0x1c>)
 800013e:	4805      	ldr	r0, [pc, #20]	@ (8000154 <frame_dummy+0x20>)
 8000140:	e000      	b.n	8000144 <frame_dummy+0x10>
 8000142:	bf00      	nop
 8000144:	f7ff ffcc 	bl	80000e0 <register_tm_clones>
 8000148:	bd10      	pop	{r4, pc}
 800014a:	46c0      	nop			@ (mov r8, r8)
 800014c:	00000000 	.word	0x00000000
 8000150:	20000004 	.word	0x20000004
 8000154:	080002b8 	.word	0x080002b8

08000158 <main>:
/* Private user code ---------------------------------------------------------*/
/* Private macro -------------------------------------------------------------*/
/* Private function prototypes -----------------------------------------------*/

int main(void)
{
 8000158:	b580      	push	{r7, lr}
 800015a:	af00      	add	r7, sp, #0
  /* Reset of all peripherals, Initializes the Systick. */
  
  /* System clock configuration */
  
  /* infinite loop */
  while (1)
 800015c:	46c0      	nop			@ (mov r8, r8)
 800015e:	e7fd      	b.n	800015c <main+0x4>

08000160 <NMI_Handler>:
/******************************************************************************/
/**
  * @brief This function handles Non maskable interrupt.
  */
void NMI_Handler(void)
{
 8000160:	b580      	push	{r7, lr}
 8000162:	af00      	add	r7, sp, #0
}
 8000164:	46c0      	nop			@ (mov r8, r8)
 8000166:	46bd      	mov	sp, r7
 8000168:	bd80      	pop	{r7, pc}

0800016a <HardFault_Handler>:

/**
  * @brief This function handles Hard fault interrupt.
  */
void HardFault_Handler(void)
{
 800016a:	b580      	push	{r7, lr}
 800016c:	af00      	add	r7, sp, #0
  while (1)
 800016e:	46c0      	nop			@ (mov r8, r8)
 8000170:	e7fd      	b.n	800016e <HardFault_Handler+0x4>

08000172 <SVC_Handler>:

/**
  * @brief This function handles System service call via SWI instruction.
  */
void SVC_Handler(void)
{
 8000172:	b580      	push	{r7, lr}
 8000174:	af00      	add	r7, sp, #0
}
 8000176:	46c0      	nop			@ (mov r8, r8)
 8000178:	46bd      	mov	sp, r7
 800017a:	bd80      	pop	{r7, pc}

0800017c <PendSV_Handler>:

/**
  * @brief This function handles Pendable request for system service.
  */
void PendSV_Handler(void)
{
 800017c:	b580      	push	{r7, lr}
 800017e:	af00      	add	r7, sp, #0
}
 8000180:	46c0      	nop			@ (mov r8, r8)
 8000182:	46bd      	mov	sp, r7
 8000184:	bd80      	pop	{r7, pc}

08000186 <SysTick_Handler>:

/**
  * @brief This function handles System tick timer.
  */
void SysTick_Handler(void)
{
 8000186:	b580      	push	{r7, lr}
 8000188:	af00      	add	r7, sp, #0
}
 800018a:	46c0      	nop			@ (mov r8, r8)
 800018c:	46bd      	mov	sp, r7
 800018e:	bd80      	pop	{r7, pc}

08000190 <Reset_Handler>:
    
    .section .text.Reset_Handler
    .weak Reset_Handler
    .type Reset_Handler, %function
Reset_Handler:
    ldr   r0, =_estack
 8000190:	480d      	ldr	r0, [pc, #52]	@ (80001c8 <LoopForever+0x2>)
    mov   sp, r0          /* set stack pointer */
 8000192:	4685      	mov	sp, r0

/* Copy the data segment initializers from flash to SRAM */
    ldr r0, =_sdata
 8000194:	480d      	ldr	r0, [pc, #52]	@ (80001cc <LoopForever+0x6>)
    ldr r1, =_edata
 8000196:	490e      	ldr	r1, [pc, #56]	@ (80001d0 <LoopForever+0xa>)
    ldr r2, =_sidata
 8000198:	4a0e      	ldr	r2, [pc, #56]	@ (80001d4 <LoopForever+0xe>)
    movs r3, #0
 800019a:	2300      	movs	r3, #0
    b LoopCopyDataInit
 800019c:	e002      	b.n	80001a4 <LoopCopyDataInit>

0800019e <CopyDataInit>:

CopyDataInit:
        ldr r4, [r2, r3]
 800019e:	58d4      	ldr	r4, [r2, r3]
        str r4, [r0, r3]
 80001a0:	50c4      	str	r4, [r0, r3]
        adds r3, r3, #4
 80001a2:	3304      	adds	r3, #4

080001a4 <LoopCopyDataInit>:
LoopCopyDataInit:
        adds r4, r0, r3
 80001a4:	18c4      	adds	r4, r0, r3
        cmp r4, r1
 80001a6:	428c      	cmp	r4, r1
        bcc CopyDataInit
 80001a8:	d3f9      	bcc.n	800019e <CopyDataInit>

/* Zero fill the bss segment. */
    ldr r2, =_sbss
 80001aa:	4a0b      	ldr	r2, [pc, #44]	@ (80001d8 <LoopForever+0x12>)
    ldr r4, =_ebss
 80001ac:	4c0b      	ldr	r4, [pc, #44]	@ (80001dc <LoopForever+0x16>)
    movs r3, #0
 80001ae:	2300      	movs	r3, #0
    b LoopFillZerobss
 80001b0:	e001      	b.n	80001b6 <LoopFillZerobss>

080001b2 <FillZerobss>:

FillZerobss:
        str  r3, [r2]
 80001b2:	6013      	str	r3, [r2, #0]
        adds r2, r2, #4
 80001b4:	3204      	adds	r2, #4

080001b6 <LoopFillZerobss>:
LoopFillZerobss:
        cmp r2, r4
 80001b6:	42a2      	cmp	r2, r4
        bcc FillZerobss
 80001b8:	d3fb      	bcc.n	80001b2 <FillZerobss>

/* Call the clock system initialization function.*/
    bl  SystemInit
 80001ba:	f000 f813 	bl	80001e4 <SystemInit>
/* Call static constructors */
    bl __libc_init_array
 80001be:	f000 f857 	bl	8000270 <__libc_init_array>
/* Call the application s entry point.*/
    bl main
 80001c2:	f7ff ffc9 	bl	8000158 <main>

080001c6 <LoopForever>:

LoopForever:
    b LoopForever
 80001c6:	e7fe      	b.n	80001c6 <LoopForever>
    ldr   r0, =_estack
 80001c8:	20000c00 	.word	0x20000c00
    ldr r0, =_sdata
 80001cc:	20000000 	.word	0x20000000
    ldr r1, =_edata
 80001d0:	20000000 	.word	0x20000000
    ldr r2, =_sidata
 80001d4:	080002d8 	.word	0x080002d8
    ldr r2, =_sbss
 80001d8:	20000000 	.word	0x20000000
    ldr r4, =_ebss
 80001dc:	2000001c 	.word	0x2000001c

080001e0 <ADC_COMP_IRQHandler>:
 * @retval None
*/
    .section .text.Default_Handler,"ax",%progbits
Default_Handler:
Infinite_Loop:
    b Infinite_Loop
 80001e0:	e7fe      	b.n	80001e0 <ADC_COMP_IRQHandler>
	...

080001e4 <SystemInit>:
 *         Initialize the System.
 * @param  none
 * @return none
 */
void SystemInit(void)
{
 80001e4:	b580      	push	{r7, lr}
 80001e6:	af00      	add	r7, sp, #0
  /*Set the HSI clock to 24MHz by default*/
  RCC->ICSCR = (RCC->ICSCR & 0xFFFF0000) | ((*(uint32_t *)(0x1FFF0100)) & 0xFFFF);
 80001e8:	4b10      	ldr	r3, [pc, #64]	@ (800022c <SystemInit+0x48>)
 80001ea:	685b      	ldr	r3, [r3, #4]
 80001ec:	0c1b      	lsrs	r3, r3, #16
 80001ee:	0419      	lsls	r1, r3, #16
 80001f0:	4b0f      	ldr	r3, [pc, #60]	@ (8000230 <SystemInit+0x4c>)
 80001f2:	681b      	ldr	r3, [r3, #0]
 80001f4:	041b      	lsls	r3, r3, #16
 80001f6:	0c1a      	lsrs	r2, r3, #16
 80001f8:	4b0c      	ldr	r3, [pc, #48]	@ (800022c <SystemInit+0x48>)
 80001fa:	430a      	orrs	r2, r1
 80001fc:	605a      	str	r2, [r3, #4]

  /*Set the LSI clock to 32.768KHz by default*/
  RCC->ICSCR = (RCC->ICSCR & 0xFE00FFFF) | (((*(uint32_t *)(0x1FFF0144)) & 0x1FF) << RCC_ICSCR_LSI_TRIM_Pos);
 80001fe:	4b0b      	ldr	r3, [pc, #44]	@ (800022c <SystemInit+0x48>)
 8000200:	685b      	ldr	r3, [r3, #4]
 8000202:	4a0c      	ldr	r2, [pc, #48]	@ (8000234 <SystemInit+0x50>)
 8000204:	4013      	ands	r3, r2
 8000206:	0019      	movs	r1, r3
 8000208:	4b0b      	ldr	r3, [pc, #44]	@ (8000238 <SystemInit+0x54>)
 800020a:	681b      	ldr	r3, [r3, #0]
 800020c:	041b      	lsls	r3, r3, #16
 800020e:	4a0b      	ldr	r2, [pc, #44]	@ (800023c <SystemInit+0x58>)
 8000210:	401a      	ands	r2, r3
 8000212:	4b06      	ldr	r3, [pc, #24]	@ (800022c <SystemInit+0x48>)
 8000214:	430a      	orrs	r2, r1
 8000216:	605a      	str	r2, [r3, #4]

  /* Configure the Vector Table location add offset address ------------------*/
#ifdef VECT_TAB_SRAM
  SCB->VTOR = SRAM_BASE | VECT_TAB_OFFSET; /* Vector Table Relocation in Internal SRAM */
#else
  SCB->VTOR = FLASH_BASE | VECT_TAB_OFFSET; /* Vector Table Relocation in Internal FLASH */
 8000218:	4b09      	ldr	r3, [pc, #36]	@ (8000240 <SystemInit+0x5c>)
 800021a:	2280      	movs	r2, #128	@ 0x80
 800021c:	0512      	lsls	r2, r2, #20
 800021e:	609a      	str	r2, [r3, #8]
#endif /* VECT_TAB_SRAM */

#ifndef SWD_DELAY
  /* When the SWD pin is reused for other functions, this function is used to solve the 
  problem of not being able to update the code. */
  DelayTime(200);
 8000220:	20c8      	movs	r0, #200	@ 0xc8
 8000222:	f000 f80f 	bl	8000244 <DelayTime>
#endif /* SWD_DELAY */
}
 8000226:	46c0      	nop			@ (mov r8, r8)
 8000228:	46bd      	mov	sp, r7
 800022a:	bd80      	pop	{r7, pc}
 800022c:	40021000 	.word	0x40021000
 8000230:	1fff0100 	.word	0x1fff0100
 8000234:	fe00ffff 	.word	0xfe00ffff
 8000238:	1fff0144 	.word	0x1fff0144
 800023c:	01ff0000 	.word	0x01ff0000
 8000240:	e000ed00 	.word	0xe000ed00

08000244 <DelayTime>:
  * @brief  This function provides delay (in milliseconds) based on CPU cycles method.
  * @param  mdelay: specifies the delay time length, in milliseconds.
  * @retval None
  */
static void DelayTime(uint32_t mdelay)
{
 8000244:	b580      	push	{r7, lr}
 8000246:	b084      	sub	sp, #16
 8000248:	af00      	add	r7, sp, #0
 800024a:	6078      	str	r0, [r7, #4]
  __IO uint32_t Delay = mdelay * (24000000U / 8U / 1000U);
 800024c:	687b      	ldr	r3, [r7, #4]
 800024e:	4a07      	ldr	r2, [pc, #28]	@ (800026c <DelayTime+0x28>)
 8000250:	4353      	muls	r3, r2
 8000252:	60fb      	str	r3, [r7, #12]
  do
  {
    __NOP();
 8000254:	46c0      	nop			@ (mov r8, r8)
  }
  while (Delay --);
 8000256:	68fb      	ldr	r3, [r7, #12]
 8000258:	1e5a      	subs	r2, r3, #1
 800025a:	60fa      	str	r2, [r7, #12]
 800025c:	2b00      	cmp	r3, #0
 800025e:	d1f9      	bne.n	8000254 <DelayTime+0x10>
}
 8000260:	46c0      	nop			@ (mov r8, r8)
 8000262:	46c0      	nop			@ (mov r8, r8)
 8000264:	46bd      	mov	sp, r7
 8000266:	b004      	add	sp, #16
 8000268:	bd80      	pop	{r7, pc}
 800026a:	46c0      	nop			@ (mov r8, r8)
 800026c:	00000bb8 	.word	0x00000bb8

08000270 <__libc_init_array>:
 8000270:	b570      	push	{r4, r5, r6, lr}
 8000272:	2600      	movs	r6, #0
 8000274:	4c0c      	ldr	r4, [pc, #48]	@ (80002a8 <__libc_init_array+0x38>)
 8000276:	4d0d      	ldr	r5, [pc, #52]	@ (80002ac <__libc_init_array+0x3c>)
 8000278:	1b64      	subs	r4, r4, r5
 800027a:	10a4      	asrs	r4, r4, #2
 800027c:	42a6      	cmp	r6, r4
 800027e:	d109      	bne.n	8000294 <__libc_init_array+0x24>
 8000280:	2600      	movs	r6, #0
 8000282:	f000 f819 	bl	80002b8 <_init>
 8000286:	4c0a      	ldr	r4, [pc, #40]	@ (80002b0 <__libc_init_array+0x40>)
 8000288:	4d0a      	ldr	r5, [pc, #40]	@ (80002b4 <__libc_init_array+0x44>)
 800028a:	1b64      	subs	r4, r4, r5
 800028c:	10a4      	asrs	r4, r4, #2
 800028e:	42a6      	cmp	r6, r4
 8000290:	d105      	bne.n	800029e <__libc_init_array+0x2e>
 8000292:	bd70      	pop	{r4, r5, r6, pc}
 8000294:	00b3      	lsls	r3, r6, #2
 8000296:	58eb      	ldr	r3, [r5, r3]
 8000298:	4798      	blx	r3
 800029a:	3601      	adds	r6, #1
 800029c:	e7ee      	b.n	800027c <__libc_init_array+0xc>
 800029e:	00b3      	lsls	r3, r6, #2
 80002a0:	58eb      	ldr	r3, [r5, r3]
 80002a2:	4798      	blx	r3
 80002a4:	3601      	adds	r6, #1
 80002a6:	e7f2      	b.n	800028e <__libc_init_array+0x1e>
 80002a8:	080002d0 	.word	0x080002d0
 80002ac:	080002d0 	.word	0x080002d0
 80002b0:	080002d4 	.word	0x080002d4
 80002b4:	080002d0 	.word	0x080002d0

080002b8 <_init>:
 80002b8:	b5f8      	push	{r3, r4, r5, r6, r7, lr}
 80002ba:	46c0      	nop			@ (mov r8, r8)
 80002bc:	bcf8      	pop	{r3, r4, r5, r6, r7}
 80002be:	bc08      	pop	{r3}
 80002c0:	469e      	mov	lr, r3
 80002c2:	4770      	bx	lr

080002c4 <_fini>:
 80002c4:	b5f8      	push	{r3, r4, r5, r6, r7, lr}
 80002c6:	46c0      	nop			@ (mov r8, r8)
 80002c8:	bcf8      	pop	{r3, r4, r5, r6, r7}
 80002ca:	bc08      	pop	{r3}
 80002cc:	469e      	mov	lr, r3
 80002ce:	4770      	bx	lr
