[2025-11-13 09:55:07]	[info] incremental build: 7 source files changed
These source files will be recompiled
---
'c:\MCU\PY32xx\Drivers\PY32F002B_HAL_Driver\Src\py32f002b_ll_utils.c': object (.o) file not exist
'c:\MCU\PY32xx\_ll_Proj\F002B_vcc\BSP\py32f002bxx_ll_Start_Kit.c': object (.o) file not exist
'c:\MCU\PY32xx\_ll_Proj\F002B_vcc\Src\main.c': object (.o) file not exist
'c:\MCU\PY32xx\_ll_Proj\F002B_vcc\Src\py32f002b_it.c': object (.o) file not exist
'c:\MCU\PY32xx\_ll_Proj\F002B_vcc\System\startup_py32f002bxx.s': object (.o) file not exist
'c:\MCU\PY32xx\_ll_Proj\F002B_vcc\System\stub.c': object (.o) file not exist
'c:\MCU\PY32xx\_ll_Proj\F002B_vcc\System\system_py32f002b.c': object (.o) file not exist

[2025-11-13 09:55:07]	[done]
	build successfully !

[2025-11-13 09:56:56]	[info] incremental build: 1 source files changed
These source files will be recompiled
---
'c:\MCU\PY32xx\_ll_Proj\F002B_vcc\System\stub.c': source file has been changed.

[2025-11-13 09:56:57]	[done]
	build successfully !

[2025-11-13 10:19:37]	[done]
	build successfully !

[2025-11-13 11:57:04]	[info] incremental build: 6 source files changed
These source files will be recompiled
---
'c:\MCU\PY32xx\Drivers\PY32F0xx_HAL_Driver\Src\py32f0xx_ll_utils.c': object (.o) file not exist
'c:\MCU\PY32xx\_ll_Proj\F030_vcc\BSP\py32f030xx_ll_Start_Kit.c': object (.o) file not exist
'c:\MCU\PY32xx\_ll_Proj\F030_vcc\Src\main.c': source file has been changed.
'c:\MCU\PY32xx\_ll_Proj\F030_vcc\Src\py32f0xx_it.c': object (.o) file not exist
'c:\MCU\PY32xx\_ll_Proj\F030_vcc\System\startup_py32f030xx.s': object (.o) file not exist
'c:\MCU\PY32xx\_ll_Proj\F030_vcc\System\system_py32f0xx.c': object (.o) file not exist

[2025-11-13 11:57:05]	[done]
	build successfully !

